<?xml version="1.0" encoding="UTF-8"?>
<testng-results skipped="0" failed="0" ignored="1" total="2" passed="1">
  <reporter-output>
  </reporter-output>
  <suite name="AAA" duration-ms="21155" started-at="2020-02-28T17:51:59Z" finished-at="2020-02-28T17:52:20Z">
    <groups>
    </groups>
    <test name="A test" duration-ms="21155" started-at="2020-02-28T17:51:59Z" finished-at="2020-02-28T17:52:20Z">
      <class name="test.java.tests.ForPO">
        <test-method status="PASS" signature="setUp(org.testng.ITestResult)[pri:0, instance:test.java.tests.ForPO@5778826f]" name="setUp" is-config="true" duration-ms="8229" started-at="2020-02-28T17:51:59Z" finished-at="2020-02-28T17:52:07Z">
          <params>
            <param index="0">
              <value>
                <![CDATA[[TestResult name=anyTest status=SUCCESS method=ForPO.anyTest()[pri:0, instance:test.java.tests.ForPO@5778826f] output={null}]]]>
              </value>
            </param>
          </params>
          <reporter-output>
          </reporter-output>
        </test-method> <!-- setUp -->
        <test-method status="PASS" signature="PageLoad()[pri:0, instance:test.java.tests.ForPO@5778826f]" name="PageLoad" is-config="true" duration-ms="235" started-at="2020-02-28T17:52:07Z" finished-at="2020-02-28T17:52:08Z">
          <reporter-output>
          </reporter-output>
        </test-method> <!-- PageLoad -->
        <test-method status="PASS" signature="anyTest()[pri:0, instance:test.java.tests.ForPO@5778826f]" name="anyTest" duration-ms="10869" started-at="2020-02-28T17:52:08Z" finished-at="2020-02-28T17:52:19Z">
          <reporter-output>
          </reporter-output>
        </test-method> <!-- anyTest -->
        <test-method status="PASS" signature="tearDown()[pri:0, instance:test.java.tests.ForPO@5778826f]" name="tearDown" is-config="true" duration-ms="1384" started-at="2020-02-28T17:52:19Z" finished-at="2020-02-28T17:52:20Z">
          <reporter-output>
          </reporter-output>
        </test-method> <!-- tearDown -->
      </class> <!-- test.java.tests.ForPO -->
    </test> <!-- A test -->
  </suite> <!-- AAA -->
</testng-results>
