<?xml version="1.0" encoding="UTF-8"?>
<testng-results skipped="0" failed="0" ignored="0" total="5" passed="5">
  <reporter-output>
  </reporter-output>
  <suite name="AAA" duration-ms="71229" started-at="2020-02-25T19:50:14Z" finished-at="2020-02-25T19:51:25Z">
    <groups>
    </groups>
    <test name="A test" duration-ms="71229" started-at="2020-02-25T19:50:14Z" finished-at="2020-02-25T19:51:25Z">
      <class name="test.java.tests.ForPO">
        <test-method status="PASS" signature="setUp()[pri:0, instance:test.java.tests.ForPO@6d78f375]" name="setUp" is-config="true" duration-ms="6556" started-at="2020-02-25T19:50:14Z" finished-at="2020-02-25T19:50:20Z">
          <reporter-output>
          </reporter-output>
        </test-method> <!-- setUp -->
        <test-method status="PASS" signature="PageLoad()[pri:0, instance:test.java.tests.ForPO@6d78f375]" name="PageLoad" is-config="true" duration-ms="63" started-at="2020-02-25T19:50:20Z" finished-at="2020-02-25T19:50:20Z">
          <reporter-output>
          </reporter-output>
        </test-method> <!-- PageLoad -->
        <test-method status="PASS" signature="TestNegativeHW8()[pri:0, instance:test.java.tests.ForPO@6d78f375]" name="TestNegativeHW8" duration-ms="4891" started-at="2020-02-25T19:50:20Z" finished-at="2020-02-25T19:50:25Z">
          <reporter-output>
          </reporter-output>
        </test-method> <!-- TestNegativeHW8 -->
        <test-method status="PASS" signature="tearDown(org.testng.ITestResult)[pri:0, instance:test.java.tests.ForPO@6d78f375]" name="tearDown" is-config="true" duration-ms="1345" started-at="2020-02-25T19:50:25Z" finished-at="2020-02-25T19:50:27Z">
          <params>
            <param index="0">
              <value>
                <![CDATA[[TestResult name=TestNegativeHW8 status=SUCCESS method=ForPO.TestNegativeHW8()[pri:0, instance:test.java.tests.ForPO@6d78f375] output={null}]]]>
              </value>
            </param>
          </params>
          <reporter-output>
          </reporter-output>
        </test-method> <!-- tearDown -->
        <test-method status="PASS" signature="setUp()[pri:0, instance:test.java.tests.ForPO@6d78f375]" name="setUp" is-config="true" duration-ms="5472" started-at="2020-02-25T19:50:27Z" finished-at="2020-02-25T19:50:32Z">
          <reporter-output>
          </reporter-output>
        </test-method> <!-- setUp -->
        <test-method status="PASS" signature="TestPositiveHW8()[pri:0, instance:test.java.tests.ForPO@6d78f375]" name="TestPositiveHW8" duration-ms="7585" started-at="2020-02-25T19:50:32Z" finished-at="2020-02-25T19:50:40Z">
          <reporter-output>
          </reporter-output>
        </test-method> <!-- TestPositiveHW8 -->
        <test-method status="PASS" signature="PageLoad()[pri:0, instance:test.java.tests.ForPO@6d78f375]" name="PageLoad" is-config="true" duration-ms="0" started-at="2020-02-25T19:50:32Z" finished-at="2020-02-25T19:50:32Z">
          <reporter-output>
          </reporter-output>
        </test-method> <!-- PageLoad -->
        <test-method status="PASS" signature="tearDown(org.testng.ITestResult)[pri:0, instance:test.java.tests.ForPO@6d78f375]" name="tearDown" is-config="true" duration-ms="1799" started-at="2020-02-25T19:50:40Z" finished-at="2020-02-25T19:50:42Z">
          <params>
            <param index="0">
              <value>
                <![CDATA[[TestResult name=TestPositiveHW8 status=SUCCESS method=ForPO.TestPositiveHW8()[pri:0, instance:test.java.tests.ForPO@6d78f375] output={null}]]]>
              </value>
            </param>
          </params>
          <reporter-output>
          </reporter-output>
        </test-method> <!-- tearDown -->
        <test-method status="PASS" signature="setUp()[pri:0, instance:test.java.tests.ForPO@6d78f375]" name="setUp" is-config="true" duration-ms="5909" started-at="2020-02-25T19:50:42Z" finished-at="2020-02-25T19:50:47Z">
          <reporter-output>
          </reporter-output>
        </test-method> <!-- setUp -->
        <test-method status="PASS" signature="anyTest()[pri:0, instance:test.java.tests.ForPO@6d78f375]" name="anyTest" duration-ms="8563" started-at="2020-02-25T19:50:47Z" finished-at="2020-02-25T19:50:56Z">
          <reporter-output>
          </reporter-output>
        </test-method> <!-- anyTest -->
        <test-method status="PASS" signature="PageLoad()[pri:0, instance:test.java.tests.ForPO@6d78f375]" name="PageLoad" is-config="true" duration-ms="0" started-at="2020-02-25T19:50:47Z" finished-at="2020-02-25T19:50:47Z">
          <reporter-output>
          </reporter-output>
        </test-method> <!-- PageLoad -->
        <test-method status="PASS" signature="tearDown(org.testng.ITestResult)[pri:0, instance:test.java.tests.ForPO@6d78f375]" name="tearDown" is-config="true" duration-ms="1199" started-at="2020-02-25T19:50:56Z" finished-at="2020-02-25T19:50:57Z">
          <params>
            <param index="0">
              <value>
                <![CDATA[[TestResult name=anyTest status=SUCCESS method=ForPO.anyTest()[pri:0, instance:test.java.tests.ForPO@6d78f375] output={null}]]]>
              </value>
            </param>
          </params>
          <reporter-output>
          </reporter-output>
        </test-method> <!-- tearDown -->
        <test-method status="PASS" signature="setUp()[pri:0, instance:test.java.tests.ForPO@6d78f375]" name="setUp" is-config="true" duration-ms="5730" started-at="2020-02-25T19:50:57Z" finished-at="2020-02-25T19:51:03Z">
          <reporter-output>
          </reporter-output>
        </test-method> <!-- setUp -->
        <test-method status="PASS" signature="checkCourse()[pri:0, instance:test.java.tests.ForPO@6d78f375]" name="checkCourse" duration-ms="8093" started-at="2020-02-25T19:51:03Z" finished-at="2020-02-25T19:51:11Z">
          <reporter-output>
          </reporter-output>
        </test-method> <!-- checkCourse -->
        <test-method status="PASS" signature="PageLoad()[pri:0, instance:test.java.tests.ForPO@6d78f375]" name="PageLoad" is-config="true" duration-ms="0" started-at="2020-02-25T19:51:03Z" finished-at="2020-02-25T19:51:03Z">
          <reporter-output>
          </reporter-output>
        </test-method> <!-- PageLoad -->
        <test-method status="PASS" signature="tearDown(org.testng.ITestResult)[pri:0, instance:test.java.tests.ForPO@6d78f375]" name="tearDown" is-config="true" duration-ms="1430" started-at="2020-02-25T19:51:11Z" finished-at="2020-02-25T19:51:12Z">
          <params>
            <param index="0">
              <value>
                <![CDATA[[TestResult name=checkCourse status=SUCCESS method=ForPO.checkCourse()[pri:0, instance:test.java.tests.ForPO@6d78f375] output={null}]]]>
              </value>
            </param>
          </params>
          <reporter-output>
          </reporter-output>
        </test-method> <!-- tearDown -->
        <test-method status="PASS" signature="setUp()[pri:0, instance:test.java.tests.ForPO@6d78f375]" name="setUp" is-config="true" duration-ms="5831" started-at="2020-02-25T19:51:12Z" finished-at="2020-02-25T19:51:18Z">
          <reporter-output>
          </reporter-output>
        </test-method> <!-- setUp -->
        <test-method status="PASS" signature="PageLoad()[pri:0, instance:test.java.tests.ForPO@6d78f375]" name="PageLoad" is-config="true" duration-ms="0" started-at="2020-02-25T19:51:18Z" finished-at="2020-02-25T19:51:18Z">
          <reporter-output>
          </reporter-output>
        </test-method> <!-- PageLoad -->
        <test-method status="PASS" signature="checkLang()[pri:0, instance:test.java.tests.ForPO@6d78f375]" name="checkLang" duration-ms="4980" started-at="2020-02-25T19:51:18Z" finished-at="2020-02-25T19:51:23Z">
          <reporter-output>
          </reporter-output>
        </test-method> <!-- checkLang -->
        <test-method status="PASS" signature="tearDown(org.testng.ITestResult)[pri:0, instance:test.java.tests.ForPO@6d78f375]" name="tearDown" is-config="true" duration-ms="1765" started-at="2020-02-25T19:51:23Z" finished-at="2020-02-25T19:51:25Z">
          <params>
            <param index="0">
              <value>
                <![CDATA[[TestResult name=checkLang status=SUCCESS method=ForPO.checkLang()[pri:0, instance:test.java.tests.ForPO@6d78f375] output={null}]]]>
              </value>
            </param>
          </params>
          <reporter-output>
          </reporter-output>
        </test-method> <!-- tearDown -->
      </class> <!-- test.java.tests.ForPO -->
    </test> <!-- A test -->
  </suite> <!-- AAA -->
</testng-results>
