<?xml version="1.0" encoding="UTF-8"?>
<!-- Generated by org.testng.reporters.JUnitXMLReporter -->
<testsuite hostname="DESKTOP-6E85BT0" ignored="0" name="A test" tests="5" failures="0" timestamp="25 фев 2020 19:51:25 GMT" time="71.229" errors="0">
  <testcase name="TestNegativeHW8" time="4.891" classname="test.java.tests.ForPO"/>
  <testcase name="TestPositiveHW8" time="7.585" classname="test.java.tests.ForPO"/>
  <testcase name="anyTest" time="8.563" classname="test.java.tests.ForPO"/>
  <testcase name="checkCourse" time="8.093" classname="test.java.tests.ForPO"/>
  <testcase name="checkLang" time="4.98" classname="test.java.tests.ForPO"/>
</testsuite> <!-- A test -->
